{
    "project": "Launchpad", 
    "original_link": "http://dont.know.yet/580881", 
    "comments": [
        {
            "date": "2010-05-15 09:16:17", 
            "sentences": [
                {
                    "is_in_lex_summary": true, 
                    "text": "package tex-common 2.06 failed to install/upgrade: subprocess installed post-installation script returned error exit status 1\nBinary package hint: tex-common", 
                    "is_in_email_summary": true
                }, 
                {
                    "is_in_lex_summary": false, 
                    "text": "", 
                    "is_in_email_summary": false
                }, 
                {
                    "is_in_lex_summary": false, 
                    "text": "sudo dpkg --configure -a", 
                    "is_in_email_summary": false
                }, 
                {
                    "is_in_lex_summary": false, 
                    "text": "Setting up tex-common (2.06) ...", 
                    "is_in_email_summary": true
                }, 
                {
                    "is_in_lex_summary": false, 
                    "text": "Running mktexlsr.", 
                    "is_in_email_summary": false
                }, 
                {
                    "is_in_lex_summary": true, 
                    "text": "This may take some time...", 
                    "is_in_email_summary": false
                }, 
                {
                    "is_in_lex_summary": true, 
                    "text": "done.", 
                    "is_in_email_summary": false
                }, 
                {
                    "is_in_lex_summary": false, 
                    "text": "No packages found matching texlive-base.", 
                    "is_in_email_summary": false
                }, 
                {
                    "is_in_lex_summary": true, 
                    "text": "dpkg: error processing tex-common (--configure):", 
                    "is_in_email_summary": true
                }, 
                {
                    "is_in_lex_summary": true, 
                    "text": "subprocess installed post-installation script returned error exit status 1\ndpkg: dependency problems prevent configuration of texlive-binaries:", 
                    "is_in_email_summary": true
                }, 
                {
                    "is_in_lex_summary": true, 
                    "text": "texlive-binaries depends on tex-common (>= 2.00);", 
                    "is_in_email_summary": true
                }, 
                {
                    "is_in_lex_summary": true, 
                    "text": "however:", 
                    "is_in_email_summary": false
                }, 
                {
                    "is_in_lex_summary": false, 
                    "text": "Package tex-common is not configured yet.", 
                    "is_in_email_summary": false
                }, 
                {
                    "is_in_lex_summary": false, 
                    "text": "dpkg: error processing texlive-binaries (--configure):", 
                    "is_in_email_summary": false
                }, 
                {
                    "is_in_lex_summary": false, 
                    "text": "dependency problems - leaving unconfigured", 
                    "is_in_email_summary": false
                }, 
                {
                    "is_in_lex_summary": false, 
                    "text": "dpkg: dependency problems prevent configuration of winefish:", 
                    "is_in_email_summary": false
                }, 
                {
                    "is_in_lex_summary": false, 
                    "text": "winefish depends on tetex-bin | texlive-base-bin | latex;", 
                    "is_in_email_summary": false
                }, 
                {
                    "is_in_lex_summary": true, 
                    "text": "however:", 
                    "is_in_email_summary": false
                }, 
                {
                    "is_in_lex_summary": true, 
                    "text": "Package tetex-bin is not installed.", 
                    "is_in_email_summary": false
                }, 
                {
                    "is_in_lex_summary": true, 
                    "text": "Package texlive-base-bin is not installed.", 
                    "is_in_email_summary": false
                }, 
                {
                    "is_in_lex_summary": false, 
                    "text": "Package texlive-binaries which provides texlive-base-bin is not configured yet.", 
                    "is_in_email_summary": false
                }, 
                {
                    "is_in_lex_summary": true, 
                    "text": "Package latex is not installed.", 
                    "is_in_email_summary": false
                }, 
                {
                    "is_in_lex_summary": false, 
                    "text": "dpkg: error processing winefish (--configure):", 
                    "is_in_email_summary": false
                }, 
                {
                    "is_in_lex_summary": false, 
                    "text": "dependency problems - leaving unconfigured", 
                    "is_in_email_summary": false
                }, 
                {
                    "is_in_lex_summary": false, 
                    "text": "Errors were encountered while processing:", 
                    "is_in_email_summary": false
                }, 
                {
                    "is_in_lex_summary": true, 
                    "text": "tex-common", 
                    "is_in_email_summary": false
                }, 
                {
                    "is_in_lex_summary": false, 
                    "text": "texlive-binaries", 
                    "is_in_email_summary": false
                }, 
                {
                    "is_in_lex_summary": false, 
                    "text": "winefish", 
                    "is_in_email_summary": false
                }, 
                {
                    "is_in_lex_summary": false, 
                    "text": "", 
                    "is_in_email_summary": false
                }, 
                {
                    "is_in_lex_summary": false, 
                    "text": "ProblemType: Package", 
                    "is_in_email_summary": false
                }, 
                {
                    "is_in_lex_summary": false, 
                    "text": "DistroRelease: Ubuntu 10.04", 
                    "is_in_email_summary": false
                }, 
                {
                    "is_in_lex_summary": true, 
                    "text": "Package: tex-common 2.06", 
                    "is_in_email_summary": false
                }, 
                {
                    "is_in_lex_summary": false, 
                    "text": "ProcVersionSignature: Ubuntu 2.6.32-22.33-generic 2.6.32.11+drm33.2\nUname: Linux 2.6.32-22-generic i686", 
                    "is_in_email_summary": true
                }, 
                {
                    "is_in_lex_summary": false, 
                    "text": "Architecture: i386", 
                    "is_in_email_summary": false
                }, 
                {
                    "is_in_lex_summary": false, 
                    "text": "Date: Sat May 15 14:33:07 2010", 
                    "is_in_email_summary": false
                }, 
                {
                    "is_in_lex_summary": true, 
                    "text": "ErrorMessage: subprocess installed post-installation script returned error exit status 1\nInstallationMedia: Ubuntu 10.04 \"Lucid Lynx\" - Beta i386 (20100318)", 
                    "is_in_email_summary": true
                }, 
                {
                    "is_in_lex_summary": false, 
                    "text": "PackageArchitecture: all", 
                    "is_in_email_summary": false
                }, 
                {
                    "is_in_lex_summary": false, 
                    "text": "SourcePackage: tex-common", 
                    "is_in_email_summary": false
                }
            ], 
            "name": "sujayjs", 
            "email": "sujayjs"
        }, 
        {
            "date": "2010-05-15 09:16:17", 
            "sentences": [
                {
                    "is_in_lex_summary": true, 
                    "text": "Re: package tex-common 2.06 failed to install/upgrade: subprocess installed post-installation script returned error exit status 1", 
                    "is_in_email_summary": true
                }
            ], 
            "name": "sujayjs", 
            "email": "sujayjs"
        }, 
        {
            "date": "2010-05-16 18:57:41", 
            "sentences": [
                {
                    "is_in_lex_summary": true, 
                    "text": "Re: package tex-common 2.06 failed to install/upgrade: subprocess installed post-installation script returned error exit status 1\nInstalling the package texlive-base seems to fix this issue.", 
                    "is_in_email_summary": true
                }, 
                {
                    "is_in_lex_summary": true, 
                    "text": "Should it be a dependency?", 
                    "is_in_email_summary": false
                }
            ], 
            "name": "radu.c", 
            "email": "radu.c"
        }, 
        {
            "date": "2010-05-17 02:36:48", 
            "sentences": [
                {
                    "is_in_lex_summary": true, 
                    "text": "Re: package tex-common 2.06 failed to install/upgrade: subprocess installed post-installation script returned error exit status 1\nI followed Radu C's lead (#2, above).", 
                    "is_in_email_summary": true
                }, 
                {
                    "is_in_lex_summary": true, 
                    "text": "It definitely appears to be a dependency issue.", 
                    "is_in_email_summary": false
                }
            ], 
            "name": "frank-turscak", 
            "email": "frank-turscak"
        }, 
        {
            "date": "2010-05-17 05:09:50", 
            "sentences": [
                {
                    "is_in_lex_summary": true, 
                    "text": "Re: [Bug 580881] Re: package tex-common 2.06 failed to \tinstall/upgrade: subprocess installed post-installation script returned error \texit status 1\nIt was a dependency,i uninstalled texlive-binaries and installed\ntex-live common...", 
                    "is_in_email_summary": true
                }, 
                {
                    "is_in_lex_summary": false, 
                    "text": "it worked fine..", 
                    "is_in_email_summary": false
                }, 
                {
                    "is_in_lex_summary": false, 
                    "text": "one more thing i upgraded from Lucid-Beta to Lucid-release ..", 
                    "is_in_email_summary": false
                }, 
                {
                    "is_in_lex_summary": true, 
                    "text": "so on the\nupgrade script it has to take care these dependencies...", 
                    "is_in_email_summary": false
                }, 
                {
                    "is_in_lex_summary": false, 
                    "text": "", 
                    "is_in_email_summary": false
                }, 
                {
                    "is_in_lex_summary": false, 
                    "text": "", 
                    "is_in_email_summary": false
                }, 
                {
                    "is_in_lex_summary": true, 
                    "text": "Thanks", 
                    "is_in_email_summary": false
                }, 
                {
                    "is_in_lex_summary": false, 
                    "text": "Sujay", 
                    "is_in_email_summary": false
                }, 
                {
                    "is_in_lex_summary": false, 
                    "text": "", 
                    "is_in_email_summary": false
                }, 
                {
                    "is_in_lex_summary": false, 
                    "text": "", 
                    "is_in_email_summary": false
                }, 
                {
                    "is_in_lex_summary": false, 
                    "text": "On Mon, May 17, 2010 at 8:06 AM, Frank Turscak <email address hidden> wrote:", 
                    "is_in_email_summary": false
                }, 
                {
                    "is_in_lex_summary": false, 
                    "text": "> I followed Radu C's lead (#2, above).", 
                    "is_in_email_summary": false
                }, 
                {
                    "is_in_lex_summary": true, 
                    "text": "It definitely appears to be a\n> dependency issue.", 
                    "is_in_email_summary": false
                }, 
                {
                    "is_in_lex_summary": false, 
                    "text": ">", 
                    "is_in_email_summary": false
                }, 
                {
                    "is_in_lex_summary": false, 
                    "text": "> --", 
                    "is_in_email_summary": false
                }, 
                {
                    "is_in_lex_summary": false, 
                    "text": "> package tex-common 2.06 failed to install/upgrade: subprocess installed post-installation script returned error exit status 1\n> https://bugs.launchpad.net/bugs/580881", 
                    "is_in_email_summary": false
                }, 
                {
                    "is_in_lex_summary": false, 
                    "text": "> You received this bug notification because you are a direct subscriber\n> of the bug.", 
                    "is_in_email_summary": false
                }, 
                {
                    "is_in_lex_summary": false, 
                    "text": ">", 
                    "is_in_email_summary": false
                }, 
                {
                    "is_in_lex_summary": false, 
                    "text": "> Status in tex-common package in Ubuntu: New", 
                    "is_in_email_summary": false
                }, 
                {
                    "is_in_lex_summary": false, 
                    "text": ">", 
                    "is_in_email_summary": false
                }, 
                {
                    "is_in_lex_summary": false, 
                    "text": "> Bug description:", 
                    "is_in_email_summary": false
                }, 
                {
                    "is_in_lex_summary": false, 
                    "text": "> Binary package hint: tex-common", 
                    "is_in_email_summary": false
                }, 
                {
                    "is_in_lex_summary": false, 
                    "text": ">", 
                    "is_in_email_summary": false
                }, 
                {
                    "is_in_lex_summary": false, 
                    "text": "> sudo dpkg --configure -a", 
                    "is_in_email_summary": false
                }, 
                {
                    "is_in_lex_summary": false, 
                    "text": "> Setting up tex-common (2.06) ...", 
                    "is_in_email_summary": false
                }, 
                {
                    "is_in_lex_summary": false, 
                    "text": "> Running mktexlsr.", 
                    "is_in_email_summary": false
                }, 
                {
                    "is_in_lex_summary": true, 
                    "text": "This may take some time...", 
                    "is_in_email_summary": false
                }, 
                {
                    "is_in_lex_summary": true, 
                    "text": "done.", 
                    "is_in_email_summary": false
                }, 
                {
                    "is_in_lex_summary": false, 
                    "text": "> No packages found matching texlive-base.", 
                    "is_in_email_summary": false
                }, 
                {
                    "is_in_lex_summary": false, 
                    "text": "> dpkg: error processing tex-common (--configure):", 
                    "is_in_email_summary": false
                }, 
                {
                    "is_in_lex_summary": false, 
                    "text": "> subprocess installed post-installation script returned error exit status 1\n> dpkg: dependency problems prevent configuration of texlive-binaries:", 
                    "is_in_email_summary": false
                }, 
                {
                    "is_in_lex_summary": false, 
                    "text": "> texlive-binaries depends on tex-common (>= 2.00);", 
                    "is_in_email_summary": false
                }, 
                {
                    "is_in_lex_summary": true, 
                    "text": "however:", 
                    "is_in_email_summary": false
                }, 
                {
                    "is_in_lex_summary": false, 
                    "text": "> Package tex-common is not configured yet.", 
                    "is_in_email_summary": false
                }, 
                {
                    "is_in_lex_summary": false, 
                    "text": "> dpkg: error processing texlive-binaries (--configure):", 
                    "is_in_email_summary": false
                }, 
                {
                    "is_in_lex_summary": false, 
                    "text": "> dependency problems - leaving unconfigured", 
                    "is_in_email_summary": false
                }, 
                {
                    "is_in_lex_summary": false, 
                    "text": "> dpkg: dependency problems prevent configuration of winefish:", 
                    "is_in_email_summary": false
                }, 
                {
                    "is_in_lex_summary": false, 
                    "text": "> winefish depends on tetex-bin | texlive-base-bin | latex;", 
                    "is_in_email_summary": false
                }, 
                {
                    "is_in_lex_summary": true, 
                    "text": "however:", 
                    "is_in_email_summary": false
                }, 
                {
                    "is_in_lex_summary": false, 
                    "text": "> Package tetex-bin is not installed.", 
                    "is_in_email_summary": false
                }, 
                {
                    "is_in_lex_summary": false, 
                    "text": "> Package texlive-base-bin is not installed.", 
                    "is_in_email_summary": false
                }, 
                {
                    "is_in_lex_summary": false, 
                    "text": "> Package texlive-binaries which provides texlive-base-bin is not configured yet.", 
                    "is_in_email_summary": false
                }, 
                {
                    "is_in_lex_summary": false, 
                    "text": "> Package latex is not installed.", 
                    "is_in_email_summary": false
                }, 
                {
                    "is_in_lex_summary": false, 
                    "text": "> dpkg: error processing winefish (--configure):", 
                    "is_in_email_summary": false
                }, 
                {
                    "is_in_lex_summary": false, 
                    "text": "> dependency problems - leaving unconfigured", 
                    "is_in_email_summary": false
                }, 
                {
                    "is_in_lex_summary": false, 
                    "text": "> Errors were encountered while processing:", 
                    "is_in_email_summary": false
                }, 
                {
                    "is_in_lex_summary": false, 
                    "text": "> tex-common", 
                    "is_in_email_summary": false
                }, 
                {
                    "is_in_lex_summary": false, 
                    "text": "> texlive-binaries", 
                    "is_in_email_summary": false
                }, 
                {
                    "is_in_lex_summary": false, 
                    "text": "> winefish", 
                    "is_in_email_summary": false
                }, 
                {
                    "is_in_lex_summary": false, 
                    "text": ">", 
                    "is_in_email_summary": false
                }, 
                {
                    "is_in_lex_summary": false, 
                    "text": "> ProblemType: Package", 
                    "is_in_email_summary": false
                }, 
                {
                    "is_in_lex_summary": false, 
                    "text": "> DistroRelease: Ubuntu 10.04", 
                    "is_in_email_summary": false
                }, 
                {
                    "is_in_lex_summary": false, 
                    "text": "> Package: tex-common 2.06", 
                    "is_in_email_summary": false
                }, 
                {
                    "is_in_lex_summary": false, 
                    "text": "> ProcVersionSignature: Ubuntu 2.6.32-22.33-generic 2.6.32.11+drm33.2\n> Uname: Linux 2.6.32-22-generic i686", 
                    "is_in_email_summary": false
                }, 
                {
                    "is_in_lex_summary": false, 
                    "text": "> Architecture: i386", 
                    "is_in_email_summary": false
                }, 
                {
                    "is_in_lex_summary": false, 
                    "text": "> Date: Sat May 15 14:33:07 2010", 
                    "is_in_email_summary": false
                }, 
                {
                    "is_in_lex_summary": false, 
                    "text": "> ErrorMessage: subprocess installed post-installation script returned error exit status 1\n> InstallationMedia: Ubuntu 10.04 \"Lucid Lynx\" - Beta i386 (20100318)", 
                    "is_in_email_summary": false
                }, 
                {
                    "is_in_lex_summary": false, 
                    "text": "> PackageArchitecture: all", 
                    "is_in_email_summary": false
                }, 
                {
                    "is_in_lex_summary": false, 
                    "text": "> SourcePackage: tex-common", 
                    "is_in_email_summary": false
                }, 
                {
                    "is_in_lex_summary": false, 
                    "text": "> Title: package tex-common 2.06 failed to install/upgrade: subprocess installed post-installation script returned error exit status 1\n>", 
                    "is_in_email_summary": false
                }, 
                {
                    "is_in_lex_summary": false, 
                    "text": "> To unsubscribe from this bug, go to:", 
                    "is_in_email_summary": false
                }, 
                {
                    "is_in_lex_summary": false, 
                    "text": "> https://bugs.launchpad.net/ubuntu/+source/tex-common/+bug/580881/+subscribe\n>", 
                    "is_in_email_summary": false
                }
            ], 
            "name": "sujayjs", 
            "email": "sujayjs"
        }, 
        {
            "date": "2010-05-21 23:29:46", 
            "sentences": [
                {
                    "is_in_lex_summary": true, 
                    "text": "Re: package tex-common 2.06 failed to install/upgrade: subprocess installed post-installation script returned error exit status 1\nis it something wrong with winefish?", 
                    "is_in_email_summary": true
                }, 
                {
                    "is_in_lex_summary": false, 
                    "text": "happens every update.", 
                    "is_in_email_summary": false
                }, 
                {
                    "is_in_lex_summary": false, 
                    "text": "Can I un-install it?", 
                    "is_in_email_summary": false
                }
            ], 
            "name": "ianjo10", 
            "email": "ianjo10"
        }, 
        {
            "date": "2010-06-05 21:52:58", 
            "sentences": [
                {
                    "is_in_lex_summary": true, 
                    "text": "Re: package tex-common 2.06 failed to install/upgrade: subprocess installed post-installation script returned error exit status 1\nnone", 
                    "is_in_email_summary": true
                }
            ], 
            "name": "burrhead", 
            "email": "burrhead"
        }, 
        {
            "date": "2010-06-10 20:43:50", 
            "sentences": [
                {
                    "is_in_lex_summary": true, 
                    "text": "Re: package tex-common 2.06 failed to install/upgrade: subprocess installed post-installation script returned error exit status 1\nThis is definitely a dependency issue.", 
                    "is_in_email_summary": true
                }, 
                {
                    "is_in_lex_summary": true, 
                    "text": "tex-common needs texlive-base because the tex-common --configure process seems to search for the texlive-base package.", 
                    "is_in_email_summary": false
                }, 
                {
                    "is_in_lex_summary": true, 
                    "text": "In addition,  I got to this point because I needed to install dvipng, which seems to depend on texlive-base-bin.", 
                    "is_in_email_summary": true
                }, 
                {
                    "is_in_lex_summary": true, 
                    "text": "texlive-base-bin is replaced by texlive-binaries.", 
                    "is_in_email_summary": false
                }, 
                {
                    "is_in_lex_summary": true, 
                    "text": "texlive-binaries depends upon tex-common.", 
                    "is_in_email_summary": false
                }, 
                {
                    "is_in_lex_summary": false, 
                    "text": "", 
                    "is_in_email_summary": false
                }, 
                {
                    "is_in_lex_summary": true, 
                    "text": "Maybe texlive-binaries should also depend on texlive-base?", 
                    "is_in_email_summary": false
                }
            ], 
            "name": "ben-v-root", 
            "email": "ben-v-root"
        }, 
        {
            "date": "2010-06-18 16:35:20", 
            "sentences": [
                {
                    "is_in_lex_summary": true, 
                    "text": "Re: package tex-common 2.06 failed to install/upgrade: subprocess installed post-installation script returned error exit status 1\nFollowing advice from #2: I issued the command \"apt-get install texlive-base\" and that ended fine with \"txt-common\" now installing as well.", 
                    "is_in_email_summary": true
                }, 
                {
                    "is_in_lex_summary": false, 
                    "text": "", 
                    "is_in_email_summary": false
                }, 
                {
                    "is_in_lex_summary": true, 
                    "text": "The problem arose for me with the installation of \"keepnote_0.6.2-1_all.deb\" ....", 
                    "is_in_email_summary": false
                }, 
                {
                    "is_in_lex_summary": true, 
                    "text": "this had the dependency for \"txt-common\" and resulted in errors for the three packages: txt-common texlive-binaries dvipng.", 
                    "is_in_email_summary": false
                }, 
                {
                    "is_in_lex_summary": false, 
                    "text": "", 
                    "is_in_email_summary": false
                }, 
                {
                    "is_in_lex_summary": true, 
                    "text": "\"sudo dpkg --confgure -a\" confirmed error fixed for me.", 
                    "is_in_email_summary": false
                }, 
                {
                    "is_in_lex_summary": false, 
                    "text": "Hope this helps :)", 
                    "is_in_email_summary": false
                }
            ], 
            "name": "vpilvio", 
            "email": "vpilvio"
        }, 
        {
            "date": "2010-06-21 17:20:42", 
            "sentences": [
                {
                    "is_in_lex_summary": true, 
                    "text": "Re: package tex-common 2.06 failed to install/upgrade: subprocess installed post-installation script returned error exit status 1\nIncurred this bug when attempting to install Winefish via Ubuntu Software Center, since tex-common is a dependency.", 
                    "is_in_email_summary": true
                }, 
                {
                    "is_in_lex_summary": false, 
                    "text": "", 
                    "is_in_email_summary": false
                }, 
                {
                    "is_in_lex_summary": true, 
                    "text": "Ubuntu 10.04 LTS", 
                    "is_in_email_summary": false
                }, 
                {
                    "is_in_lex_summary": false, 
                    "text": "", 
                    "is_in_email_summary": false
                }, 
                {
                    "is_in_lex_summary": true, 
                    "text": "Not a big deal, don't need Winefish for anything, was just curious about it.", 
                    "is_in_email_summary": false
                }
            ], 
            "name": "byrongibson", 
            "email": "byrongibson"
        }, 
        {
            "date": "2010-06-23 12:30:35", 
            "sentences": [
                {
                    "is_in_lex_summary": true, 
                    "text": "Re: package tex-common 2.06 failed to install/upgrade: subprocess installed post-installation script returned error exit status 1\nI've got rid out of this by installing \"texlive-base\" and other dependencies (like tex-common, texlive-binaries) get installed automatically!", 
                    "is_in_email_summary": true
                }, 
                {
                    "is_in_lex_summary": true, 
                    "text": "[the reason behind I'd got this bug when I was installing a package \"ibus-fonts\".", 
                    "is_in_email_summary": true
                }, 
                {
                    "is_in_lex_summary": false, 
                    "text": "]", 
                    "is_in_email_summary": false
                }, 
                {
                    "is_in_lex_summary": true, 
                    "text": "Thanks @ Radu C (no.", 
                    "is_in_email_summary": false
                }, 
                {
                    "is_in_lex_summary": false, 
                    "text": "#2 comment)", 
                    "is_in_email_summary": false
                }
            ], 
            "name": "vishaltelangre", 
            "email": "vishaltelangre"
        }, 
        {
            "date": "2010-06-29 06:50:18", 
            "sentences": [
                {
                    "is_in_lex_summary": true, 
                    "text": "Re: package tex-common 2.06 failed to install/upgrade: subprocess installed post-installation script returned error exit status 1\nHi, I'm not using Tex right now (unless under the covers).", 
                    "is_in_email_summary": true
                }, 
                {
                    "is_in_lex_summary": true, 
                    "text": "So I'll be happy to just get it with everybody else.", 
                    "is_in_email_summary": false
                }, 
                {
                    "is_in_lex_summary": true, 
                    "text": "Thank you!", 
                    "is_in_email_summary": false
                }
            ], 
            "name": "sea7kenp", 
            "email": "sea7kenp"
        }, 
        {
            "date": "2010-06-30 18:50:27", 
            "sentences": [
                {
                    "is_in_lex_summary": true, 
                    "text": "Re: package tex-common 2.06 failed to install/upgrade: subprocess installed post-installation script returned error exit status 1\nConfirming this error on 10.04 (Lucid) with default repos.", 
                    "is_in_email_summary": true
                }
            ], 
            "name": "antanasb", 
            "email": "antanasb"
        }, 
        {
            "date": "2010-06-30 19:29:53", 
            "sentences": [
                {
                    "is_in_lex_summary": true, 
                    "text": "Re: package tex-common 2.06 failed to install/upgrade: subprocess installed post-installation script returned error exit status 1\nSorry, my own fault.", 
                    "is_in_email_summary": true
                }, 
                {
                    "is_in_lex_summary": false, 
                    "text": "I missed updmap-sys error message.", 
                    "is_in_email_summary": false
                }, 
                {
                    "is_in_lex_summary": false, 
                    "text": "Confirmation canceled.", 
                    "is_in_email_summary": false
                }
            ], 
            "name": "antanasb", 
            "email": "antanasb"
        }, 
        {
            "date": "2010-07-09 22:11:56", 
            "sentences": [
                {
                    "is_in_lex_summary": true, 
                    "text": "Re: package tex-common 2.06 failed to install/upgrade: subprocess installed post-installation script returned error exit status 1\n\"E: tex-common: subprocess installed post-installation script returned error exit status 1\nE: texlive-binaries: dependency problems - leaving unconfigured\nE: winefish: dependency problems - leaving unconfigured\"", 
                    "is_in_email_summary": true
                }, 
                {
                    "is_in_lex_summary": false, 
                    "text": "", 
                    "is_in_email_summary": false
                }
            ], 
            "name": "designerkline", 
            "email": "designerkline"
        }
    ], 
    "title": "package tex-common 2.06 failed to install/upgrade: subprocess installed post-installation script returned error exit status 1"
}